2022-04-13 00:41:19 INFO  Products:238 - Added product 'Áo V?' with name: Nguy?n V?n ??c
2022-04-13 00:41:19 INFO  Products:238 - Added product 'Áo V?1' with name: Nguy?n V?n ??c
2022-04-13 00:41:19 INFO  Products:238 - Added product 'Áo V?2' with name: Nguy?n V?n ??c
2022-04-13 00:41:19 INFO  Products:238 - Added product 'Áo V?3' with name: Nguy?n V?n ??c
2022-04-13 00:41:19 INFO  Products:238 - Added product 'Áo V?4' with name: Nguy?n V?n ??c
2022-04-13 00:42:13 INFO  Supplier:85 - Added supplier: '??c Nguy?n33' with name: Nguy?n V?n ??c
2022-04-13 00:45:09 INFO  Products:248 - Updated product: Áo kaki with name: Nguy?n V?n ??c
2022-04-13 00:51:25 INFO  Products:248 - Updated product: Áo V?2 with name: Nguy?n V?n ??c
2022-04-13 13:19:42 INFO  Category:60 - Added nameCategory: 'Vòng' with name: Nguy?n V?n ??c
2022-04-13 13:40:50 INFO  Category:70 - Updated nameCategory: Qu?n with name: Nguy?n V?n ??c
2022-04-13 13:49:12 INFO  Products:238 - Added product 'Áo V?' with name: Nguy?n V?n ??c
2022-04-13 13:49:12 INFO  Products:238 - Added product 'Áo V?1' with name: Nguy?n V?n ??c
2022-04-13 13:49:12 INFO  Products:238 - Added product 'Áo V?2' with name: Nguy?n V?n ??c
2022-04-13 13:49:12 INFO  Products:238 - Added product 'Áo V?3' with name: Nguy?n V?n ??c
2022-04-13 13:49:12 INFO  Products:238 - Added product 'Áo V?4' with name: Nguy?n V?n ??c
2022-04-15 15:51:17 INFO  Products:238 - Added product 'Áo V?' with name: Nguy?n V?n ??c
2022-04-15 15:51:17 INFO  Products:238 - Added product 'Áo V?1' with name: Nguy?n V?n ??c
2022-04-15 15:51:17 INFO  Products:238 - Added product 'Áo V?2' with name: Nguy?n V?n ??c
2022-04-15 15:51:17 INFO  Products:238 - Added product 'Áo V?3' with name: Nguy?n V?n ??c
2022-04-15 15:51:17 INFO  Products:238 - Added product 'Áo V?4' with name: Nguy?n V?n ??c
2022-04-15 17:06:58 INFO  Users:224 - Updated account: userdemo with name: Nguy?n Long
2022-04-15 21:49:14 INFO  Users:224 - Updated account: ducit2509 with name: Nguy?n V?n ??c
2022-04-15 21:49:40 INFO  Users:224 - Updated account: ducnv with name: Nguy?n V?n ??c
2022-04-17 19:56:03 INFO  Users:224 - Updated account: admin with name: Nguy?n V?n ??c
2022-04-17 19:57:16 INFO  Users:224 - Updated account: admin with name: Nguy?n V?n ??c
2022-04-17 19:59:45 INFO  Users:214 - Added account: 'minhvn' with name: Nguy?n V?n ??c
2022-04-17 19:59:54 INFO  Users:224 - Updated account: admin with name: Nguy?n V?n ??c
2022-04-18 12:05:25 INFO  Users:224 - Updated account: userdemo with name: Nguy?n Long
2022-04-18 12:08:24 INFO  Users:214 - Added account: 'nguyennt' with name: Nguy?n Long
2022-04-18 12:09:28 INFO  Products:240 - Added product 'quan vip' with name: Nguy?n Long
